[10-12-2021 16:38:24]:
System.IO.FileNotFoundException: C:\Users\rlugt\source\repos\web-beaver\WebBeaverExample\/view/index.tmp
   at WebBeaver.Response.SendFile(String path, Object args) in C:\Users\rlugt\source\repos\web-beaver\WebBeaver\Http\Response.cs:line 56
   at WebBeaverExample.Program.Home(Request req, Response res) in C:\Users\rlugt\source\repos\web-beaver\WebBeaverExample\Program.cs:line 53
   at WebBeaver.Framework.Router.HandleRequest(Request req, Response res) in C:\Users\rlugt\source\repos\web-beaver\WebBeaver\Framework\Router.cs:line 238

[10-12-2021 16:38:44]:
System.IO.FileNotFoundException: C:\Users\rlugt\source\repos\web-beaver\WebBeaverExample\/view/index.tmp
   at WebBeaver.Response.SendFile(String path, Object args) in C:\Users\rlugt\source\repos\web-beaver\WebBeaver\Http\Response.cs:line 56
   at WebBeaverExample.Program.Home(Request req, Response res) in C:\Users\rlugt\source\repos\web-beaver\WebBeaverExample\Program.cs:line 53
   at WebBeaver.Framework.Router.HandleRequest(Request req, Response res) in C:\Users\rlugt\source\repos\web-beaver\WebBeaver\Framework\Router.cs:line 238

[10-12-2021 16:38:46]:
System.IO.FileNotFoundException: C:\Users\rlugt\source\repos\web-beaver\WebBeaverExample\/view/index.tmp
   at WebBeaver.Response.SendFile(String path, Object args) in C:\Users\rlugt\source\repos\web-beaver\WebBeaver\Http\Response.cs:line 56
   at WebBeaverExample.Program.Home(Request req, Response res) in C:\Users\rlugt\source\repos\web-beaver\WebBeaverExample\Program.cs:line 53
   at WebBeaver.Framework.Router.HandleRequest(Request req, Response res) in C:\Users\rlugt\source\repos\web-beaver\WebBeaver\Framework\Router.cs:line 238

[10-12-2021 16:38:49]:
System.IO.FileNotFoundException: C:\Users\rlugt\source\repos\web-beaver\WebBeaverExample\/view/index.tmp
   at WebBeaver.Response.SendFile(String path, Object args) in C:\Users\rlugt\source\repos\web-beaver\WebBeaver\Http\Response.cs:line 56
   at WebBeaverExample.Program.Home(Request req, Response res) in C:\Users\rlugt\source\repos\web-beaver\WebBeaverExample\Program.cs:line 53
   at WebBeaver.Framework.Router.HandleRequest(Request req, Response res) in C:\Users\rlugt\source\repos\web-beaver\WebBeaver\Framework\Router.cs:line 238

